[colorlib.com/etc/lf/Login_v14/index.html]
[backblue.gif]
[fade.gif]
[index.html]
[colorlib.com/etc/lf/Login_v14/images/icons/favicon.ico]
[colorlib.com/etc/lf/Login_v14/vendor/bootstrap/css/bootstrap.min.css]
[colorlib.com/etc/lf/Login_v14/fonts/font-awesome-4.7.0/css/font-awesome.min.css]
[colorlib.com/etc/lf/Login_v14/fonts/Linearicons-Free-v1.0.0/icon-font.min.css]
[colorlib.com/etc/lf/Login_v14/vendor/animate/animate.css]
[colorlib.com/etc/lf/Login_v14/vendor/css-hamburgers/hamburgers.min.css]
[colorlib.com/etc/lf/Login_v14/vendor/animsition/css/animsition.min.css]
[colorlib.com/etc/lf/Login_v14/vendor/select2/select2.min.css]
[colorlib.com/etc/lf/Login_v14/vendor/daterangepicker/daterangepicker.css]
[colorlib.com/etc/lf/Login_v14/css/util.css]
[colorlib.com/etc/lf/Login_v14/css/main.css]
[colorlib.com/etc/lf/Login_v14/vendor/jquery/jquery-3.2.1.min.js]
[colorlib.com/etc/lf/Login_v14/vendor/animsition/js/animsition.min.js]
[colorlib.com/etc/lf/Login_v14/vendor/bootstrap/js/popper.js]
[colorlib.com/etc/lf/Login_v14/vendor/bootstrap/js/bootstrap.min.js]
[colorlib.com/etc/lf/Login_v14/vendor/select2/select2.min.js]
[colorlib.com/etc/lf/Login_v14/vendor/daterangepicker/moment.min.js]
[colorlib.com/etc/lf/Login_v14/vendor/daterangepicker/daterangepicker.js]
[colorlib.com/etc/lf/Login_v14/vendor/countdowntime/countdowntime.js]
[colorlib.com/etc/lf/Login_v14/index.html]
[colorlib.com/etc/lf/Login_v14/vendor/bootstrap/css/bootstrap.min.css]
[colorlib.com/etc/lf/Login_v14/js/main.js]
[colorlib.com/etc/lf/Login_v14/fonts/font-awesome-4.7.0/fonts/fontawesome-webfont3e6e.eot]
[colorlib.com/etc/lf/Login_v14/fonts/font-awesome-4.7.0/fonts/fontawesome-webfontd41d.eot]
[colorlib.com/etc/lf/Login_v14/fonts/font-awesome-4.7.0/fonts/fontawesome-webfont3e6e.woff2]
[colorlib.com/etc/lf/Login_v14/fonts/font-awesome-4.7.0/fonts/fontawesome-webfont3e6e.woff]
[colorlib.com/etc/lf/Login_v14/fonts/font-awesome-4.7.0/fonts/fontawesome-webfont3e6e.ttf]
[colorlib.com/etc/lf/Login_v14/fonts/font-awesome-4.7.0/css/font-awesome.min.css]
[colorlib.com/etc/lf/Login_v14/fonts/Linearicons-Free-v1.0.0/icon-font.min.css]
[colorlib.com/etc/lf/Login_v14/vendor/animate/animate.css]
[colorlib.com/etc/lf/Login_v14/vendor/css-hamburgers/hamburgers.min.css]
[colorlib.com/etc/lf/Login_v14/vendor/animsition/css/animsition.min.css]
[colorlib.com/etc/lf/Login_v14/vendor/select2/select2.min.css]
[colorlib.com/etc/lf/Login_v14/vendor/daterangepicker/daterangepicker.css]
[colorlib.com/etc/lf/Login_v14/css/util.css]
[colorlib.com/etc/lf/Login_v14/fonts/font-awesome-4.7.0/fonts/fontawesome-webfont3e6e.svg]
[colorlib.com/etc/lf/Login_v14/fonts/raleway/Raleway-Regular.ttf]
[colorlib.com/etc/lf/Login_v14/fonts/raleway/Raleway-Medium.ttf]
[colorlib.com/etc/lf/Login_v14/fonts/raleway/Raleway-SemiBold.ttf]
[colorlib.com/etc/lf/Login_v14/fonts/raleway/Raleway-Bold.ttf]
[colorlib.com/etc/lf/Login_v14/css/main.css]
[colorlib.com/cdn-cgi/zaraz/sd0d9.js]
[colorlib.com/etc/lf/Login_v14/fonts/font-awesome-4.7.0/fonts/fontawesome-webfont3e6e.svg]
